# JRE version: Java(TM) SE Runtime Environment (8.0_92-b14) (build 1.8.0_92-b14)
# Java VM: Java HotSpot(TM) Client VM (25.92-b14 mixed mode windows-x86 )
Heap:
 def new generation   total 55680K, used 8181K [0x05600000, 0x09260000, 0x100a0000)
  eden space 49536K,  16% used [0x05600000, 0x05dfd4f8, 0x08660000)
  from space 6144K,   0% used [0x08660000, 0x08660000, 0x08c60000)
  to   space 6144K,   0% used [0x08c60000, 0x08c60000, 0x09260000)
 tenured generation   total 123536K, used 74120K [0x100a0000, 0x17944000, 0x25600000)
   the space 123536K,  59% used [0x100a0000, 0x14902110, 0x14902200, 0x17944000)
 Metaspace       used 19055K, capacity 19495K, committed 19712K, reserved 19840K
GC Heap History (10 events):
Event: 6664.110 GC heap before
{Heap before GC invocations=69 (full 1):
 def new generation   total 39424K, used 36359K [0x05600000, 0x080c0000, 0x100a0000)
  eden space 35072K, 100% used [0x05600000, 0x07840000, 0x07840000)
  from space 4352K,  29% used [0x07840000, 0x07981f38, 0x07c80000)
  to   space 4352K,   0% used [0x07c80000, 0x07c80000, 0x080c0000)
 tenured generation   total 87424K, used 81330K [0x100a0000, 0x15600000, 0x25600000)
   the space 87424K,  93% used [0x100a0000, 0x1500c980, 0x1500ca00, 0x15600000)
 Metaspace       used 19203K, capacity 19685K, committed 19712K, reserved 19840K
Event: 6664.133 GC heap after
Heap after GC invocations=70 (full 1):
 def new generation   total 39424K, used 4315K [0x05600000, 0x080c0000, 0x100a0000)
  eden space 35072K,   0% used [0x05600000, 0x05600000, 0x07840000)
  from space 4352K,  99% used [0x07c80000, 0x080b6c10, 0x080c0000)
  to   space 4352K,   0% used [0x07840000, 0x07840000, 0x07c80000)
 tenured generation   total 87424K, used 81955K [0x100a0000, 0x15600000, 0x25600000)
   the space 87424K,  93% used [0x100a0000, 0x150a8d90, 0x150a8e00, 0x15600000)
 Metaspace       used 19203K, capacity 19685K, committed 19712K, reserved 19840K
}
Event: 6709.925 GC heap before
{Heap before GC invocations=70 (full 1):
 def new generation   total 39424K, used 39387K [0x05600000, 0x080c0000, 0x100a0000)
  eden space 35072K, 100% used [0x05600000, 0x07840000, 0x07840000)
  from space 4352K,  99% used [0x07c80000, 0x080b6c10, 0x080c0000)
  to   space 4352K,   0% used [0x07840000, 0x07840000, 0x07c80000)
 tenured generation   total 87424K, used 81955K [0x100a0000, 0x15600000, 0x25600000)
   the space 87424K,  93% used [0x100a0000, 0x150a8d90, 0x150a8e00, 0x15600000)
 Metaspace       used 19203K, capacity 19685K, committed 19712K, reserved 19840K
Event: 6709.948 GC heap after
Heap after GC invocations=71 (full 1):
 def new generation   total 39424K, used 1008K [0x05600000, 0x080c0000, 0x100a0000)
  eden space 35072K,   0% used [0x05600000, 0x05600000, 0x07840000)
  from space 4352K,  23% used [0x07840000, 0x0793c300, 0x07c80000)
  to   space 4352K,   0% used [0x07c80000, 0x07c80000, 0x080c0000)
 tenured generation   total 87424K, used 85507K [0x100a0000, 0x15600000, 0x25600000)
   the space 87424K,  97% used [0x100a0000, 0x15420d70, 0x15420e00, 0x15600000)
 Metaspace       used 19203K, capacity 19685K, committed 19712K, reserved 19840K
}
Event: 6782.088 GC heap before
{Heap before GC invocations=71 (full 1):
 def new generation   total 39424K, used 36080K [0x05600000, 0x080c0000, 0x100a0000)
  eden space 35072K, 100% used [0x05600000, 0x07840000, 0x07840000)
  from space 4352K,  23% used [0x07840000, 0x0793c300, 0x07c80000)
  to   space 4352K,   0% used [0x07c80000, 0x07c80000, 0x080c0000)
 tenured generation   total 87424K, used 85507K [0x100a0000, 0x15600000, 0x25600000)
   the space 87424K,  97% used [0x100a0000, 0x15420d70, 0x15420e00, 0x15600000)
 Metaspace       used 19203K, capacity 19685K, committed 19712K, reserved 19840K
Event: 6782.095 GC heap after
Heap after GC invocations=72 (full 1):
 def new generation   total 39424K, used 948K [0x05600000, 0x080c0000, 0x100a0000)
  eden space 35072K,   0% used [0x05600000, 0x05600000, 0x07840000)
  from space 4352K,  21% used [0x07c80000, 0x07d6d1b8, 0x080c0000)
  to   space 4352K,   0% used [0x07840000, 0x07840000, 0x07c80000)
 tenured generation   total 87424K, used 85507K [0x100a0000, 0x15600000, 0x25600000)
   the space 87424K,  97% used [0x100a0000, 0x15420d70, 0x15420e00, 0x15600000)
 Metaspace       used 19203K, capacity 19685K, committed 19712K, reserved 19840K
}
Event: 6850.939 GC heap before
{Heap before GC invocations=72 (full 1):
 def new generation   total 39424K, used 36020K [0x05600000, 0x080c0000, 0x100a0000)
  eden space 35072K, 100% used [0x05600000, 0x07840000, 0x07840000)
  from space 4352K,  21% used [0x07c80000, 0x07d6d1b8, 0x080c0000)
  to   space 4352K,   0% used [0x07840000, 0x07840000, 0x07c80000)
 tenured generation   total 87424K, used 85507K [0x100a0000, 0x15600000, 0x25600000)
   the space 87424K,  97% used [0x100a0000, 0x15420d70, 0x15420e00, 0x15600000)
 Metaspace       used 19204K, capacity 19687K, committed 19712K, reserved 19840K
Event: 6850.959 GC heap after
Heap after GC invocations=73 (full 1):
 def new generation   total 39424K, used 4345K [0x05600000, 0x080c0000, 0x100a0000)
  eden space 35072K,   0% used [0x05600000, 0x05600000, 0x07840000)
  from space 4352K,  99% used [0x07840000, 0x07c7e688, 0x07c80000)
  to   space 4352K,   0% used [0x07c80000, 0x07c80000, 0x080c0000)
 tenured generation   total 87424K, used 85634K [0x100a0000, 0x15600000, 0x25600000)
   the space 87424K,  97% used [0x100a0000, 0x15440b50, 0x15440c00, 0x15600000)
 Metaspace       used 19204K, capacity 19687K, committed 19712K, reserved 19840K
}
Event: 6885.625 GC heap before
{Heap before GC invocations=73 (full 1):
 def new generation   total 39424K, used 39417K [0x05600000, 0x080c0000, 0x100a0000)
  eden space 35072K, 100% used [0x05600000, 0x07840000, 0x07840000)
  from space 4352K,  99% used [0x07840000, 0x07c7e688, 0x07c80000)
  to   space 4352K,   0% used [0x07c80000, 0x07c80000, 0x080c0000)
 tenured generation   total 87424K, used 85634K [0x100a0000, 0x15600000, 0x25600000)
   the space 87424K,  97% used [0x100a0000, 0x15440b50, 0x15440c00, 0x15600000)
 Metaspace       used 19204K, capacity 19687K, committed 19712K, reserved 19840K
Event: 6885.960 GC heap after
Heap after GC invocations=74 (full 2):
 def new generation   total 55680K, used 0K [0x05600000, 0x09260000, 0x100a0000)
  eden space 49536K,   0% used [0x05600000, 0x05600000, 0x08660000)
  from space 6144K,   0% used [0x08660000, 0x08660000, 0x08c60000)
  to   space 6144K,   0% used [0x08c60000, 0x08c60000, 0x09260000)
 tenured generation   total 123536K, used 74120K [0x100a0000, 0x17944000, 0x25600000)
   the space 123536K,  59% used [0x100a0000, 0x14902110, 0x14902200, 0x17944000)
 Metaspace       used 19055K, capacity 19495K, committed 19712K, reserved 19840K
}

